<?xml version="1.0" encoding="UTF-8"?>
<testng-results skipped="0" failed="0" ignored="2" total="8" passed="6">
  <reporter-output>
  </reporter-output>
  <suite name="All Test Suite" duration-ms="51365" started-at="2022-09-27T14:10:12 IST" finished-at="2022-09-27T14:11:03 IST">
    <groups>
    </groups>
    <test name="D:/E-Learning/Rest API Course/QA_Assignment" duration-ms="51365" started-at="2022-09-27T14:10:12 IST" finished-at="2022-09-27T14:11:03 IST">
      <class name="Scenarios.LoginToPage">
        <test-method status="PASS" signature="login_user()[pri:0, instance:Scenarios.LoginToPage@1990a65e]" name="login_user" duration-ms="1642" started-at="2022-09-27T14:10:35 IST" finished-at="2022-09-27T14:10:37 IST">
          <reporter-output>
          </reporter-output>
        </test-method> <!-- login_user -->
        <test-method status="PASS" signature="select_fragrance_catagory()[pri:1, instance:Scenarios.LoginToPage@1990a65e]" name="select_fragrance_catagory" duration-ms="255" started-at="2022-09-27T14:10:37 IST" finished-at="2022-09-27T14:10:37 IST">
          <reporter-output>
          </reporter-output>
        </test-method> <!-- select_fragrance_catagory -->
        <test-method status="PASS" signature="select_fragrance_sub_category()[pri:2, instance:Scenarios.LoginToPage@1990a65e]" name="select_fragrance_sub_category" duration-ms="1039" started-at="2022-09-27T14:10:37 IST" finished-at="2022-09-27T14:10:38 IST">
          <reporter-output>
          </reporter-output>
        </test-method> <!-- select_fragrance_sub_category -->
        <test-method status="PASS" signature="select_perfume()[pri:3, instance:Scenarios.LoginToPage@1990a65e]" name="select_perfume" duration-ms="11573" started-at="2022-09-27T14:10:38 IST" finished-at="2022-09-27T14:10:50 IST">
          <reporter-output>
          </reporter-output>
        </test-method> <!-- select_perfume -->
        <test-method status="PASS" signature="product_checkout()[pri:4, instance:Scenarios.LoginToPage@1990a65e]" name="product_checkout" duration-ms="13660" started-at="2022-09-27T14:10:50 IST" finished-at="2022-09-27T14:11:03 IST">
          <reporter-output>
          </reporter-output>
        </test-method> <!-- product_checkout -->
      </class> <!-- Scenarios.LoginToPage -->
      <class name="Scenarios.RegistrationUser">
        <test-method status="PASS" signature="setUp(java.lang.String)[pri:0, instance:Scenarios.RegistrationUser@a74868d]" name="setUp" is-config="true" duration-ms="12035" started-at="2022-09-27T14:10:00 IST" finished-at="2022-09-27T14:10:12 IST">
          <params>
            <param index="0">
              <value>
                <![CDATA[chrome]]>
              </value>
            </param>
          </params>
          <reporter-output>
          </reporter-output>
        </test-method> <!-- setUp -->
        <test-method status="PASS" signature="register_new_user()[pri:0, instance:Scenarios.RegistrationUser@a74868d]" name="register_new_user" duration-ms="23155" started-at="2022-09-27T14:10:12 IST" finished-at="2022-09-27T14:10:35 IST">
          <reporter-output>
          </reporter-output>
        </test-method> <!-- register_new_user -->
        <test-method status="PASS" signature="quitDriver()[pri:0, instance:Scenarios.RegistrationUser@a74868d]" name="quitDriver" is-config="true" duration-ms="678" started-at="2022-09-27T14:11:03 IST" finished-at="2022-09-27T14:11:04 IST">
          <reporter-output>
          </reporter-output>
        </test-method> <!-- quitDriver -->
      </class> <!-- Scenarios.RegistrationUser -->
    </test> <!-- D:/E-Learning/Rest API Course/QA_Assignment -->
  </suite> <!-- All Test Suite -->
</testng-results>
